<?xml version="1.0" encoding="UTF-8"?>
<testng-results ignored="0" total="1" passed="1" failed="0" skipped="0">
  <reporter-output>
  </reporter-output>
  <suite started-at="2021-08-17T13:40:24 AST" name="Default suite" finished-at="2021-08-17T13:41:03 AST" duration-ms="38811">
    <groups>
    </groups>
    <test started-at="2021-08-17T13:40:24 AST" name="Default test" finished-at="2021-08-17T13:41:03 AST" duration-ms="38811">
      <class name="maven_package.Omniful.ClientTest">
        <test-method is-config="true" signature="opendriver()[pri:0, instance:maven_package.Omniful.ClientTest@22e357dc]" started-at="2021-08-17T13:40:24 AST" name="opendriver" finished-at="2021-08-17T13:40:41 AST" duration-ms="17639" status="PASS">
          <reporter-output>
          </reporter-output>
        </test-method> <!-- opendriver -->
        <test-method signature="testclient()[pri:0, instance:maven_package.Omniful.ClientTest@22e357dc]" started-at="2021-08-17T13:40:41 AST" name="testclient" finished-at="2021-08-17T13:41:03 AST" duration-ms="21114" status="PASS">
          <reporter-output>
          </reporter-output>
        </test-method> <!-- testclient -->
      </class> <!-- maven_package.Omniful.ClientTest -->
    </test> <!-- Default test -->
  </suite> <!-- Default suite -->
</testng-results>
